2026-03-13 13:49:16 [[31merror[39m]: [Database] Connection failed: connect ECONNREFUSED ::1:27017, connect ECONNREFUSED 127.0.0.1:27017
2026-03-13 13:50:15 [[32minfo[39m]: [Database] Connected to MongoDB: mongodb://localhost:27017/cms_db
2026-03-13 13:50:15 [[32minfo[39m]: [SEO Plugin] Registered: auto meta-generation active
2026-03-13 13:50:15 [[32minfo[39m]: [PluginManager] Plugin "seo@1.0.0" loaded
2026-03-13 13:50:15 [[32minfo[39m]: [Search Plugin] Registered: full-text search active
2026-03-13 13:50:15 [[32minfo[39m]: [PluginManager] Plugin "search@1.0.0" loaded
2026-03-13 13:50:15 [[32minfo[39m]: 
🚀 CMS Server running
2026-03-13 13:50:15 [[32minfo[39m]:    → http://localhost:3000/api
2026-03-13 13:50:15 [[32minfo[39m]:    → ENV: development
2026-03-13 13:50:21 [[32mhttp[39m]: [0mGET /api [33m404[0m 31.366 ms - 36[0m
2026-03-13 13:50:21 [[32mhttp[39m]: [0mGET /favicon.ico [33m404[0m 0.391 ms - 44[0m
2026-03-13 13:50:35 [[32mhttp[39m]: [0mGET /api [33m404[0m 0.709 ms - 36[0m
2026-03-13 13:50:38 [[32mhttp[39m]: [0mGET / [33m404[0m 0.266 ms - 33[0m
2026-03-13 13:50:42 [[32mhttp[39m]: [0mGET / [33m404[0m 0.173 ms - 33[0m
2026-03-13 13:51:17 [[32mhttp[39m]: [0mGET /health [33m404[0m 0.229 ms - 39[0m
2026-03-13 13:51:19 [[32mhttp[39m]: [0mGET /health [33m404[0m 0.189 ms - 39[0m
2026-03-13 13:51:19 [[32mhttp[39m]: [0mGET /health [33m404[0m 0.169 ms - 39[0m
2026-03-13 13:51:50 [[32minfo[39m]: 
[Server] Received SIGINT, shutting down gracefully...
2026-03-13 14:06:40 [[32minfo[39m]: [Database] Connected to MongoDB: mongodb://localhost:27017/cms_db
2026-03-13 14:06:40 [[32minfo[39m]: [SEO Plugin] Registered: auto meta-generation active
2026-03-13 14:06:40 [[32minfo[39m]: [PluginManager] Plugin "seo@1.0.0" loaded
2026-03-13 14:06:40 [[32minfo[39m]: [Search Plugin] Registered: full-text search active
2026-03-13 14:06:40 [[32minfo[39m]: [PluginManager] Plugin "search@1.0.0" loaded
2026-03-13 14:06:40 [[32minfo[39m]: 
🚀 CMS Server running
2026-03-13 14:06:40 [[32minfo[39m]:    → http://localhost:3000/api
2026-03-13 14:06:40 [[32minfo[39m]:    → ENV: development
2026-03-13 14:06:41 [[32mhttp[39m]: [0mGET /api [33m404[0m 3.730 ms - 36[0m
2026-03-13 14:06:48 [[32minfo[39m]: 
[Server] Received SIGINT, shutting down gracefully...
2026-03-13 14:07:08 [[32minfo[39m]: [Database] Connected to MongoDB: mongodb://localhost:27017/cms_db
2026-03-13 14:07:08 [[32minfo[39m]: [SEO Plugin] Registered: auto meta-generation active
2026-03-13 14:07:08 [[32minfo[39m]: [PluginManager] Plugin "seo@1.0.0" loaded
2026-03-13 14:07:08 [[32minfo[39m]: [Search Plugin] Registered: full-text search active
2026-03-13 14:07:08 [[32minfo[39m]: [PluginManager] Plugin "search@1.0.0" loaded
2026-03-13 14:07:08 [[32minfo[39m]: 
🚀 CMS Server running
2026-03-13 14:07:08 [[32minfo[39m]:    → http://localhost:3000/api
2026-03-13 14:07:08 [[32minfo[39m]:    → ENV: development
2026-03-13 14:07:13 [[32mhttp[39m]: [0mGET /api [33m404[0m 5.626 ms - 36[0m
2026-03-13 14:07:16 [[32mhttp[39m]: [0mGET /api [33m404[0m 0.690 ms - 36[0m
2026-03-13 14:08:00 [[32mhttp[39m]: [0mGET /api/users [33m401[0m 0.755 ms - 51[0m
2026-03-13 14:13:30 [[32minfo[39m]: 
[Server] Received SIGINT, shutting down gracefully...
